2024-11-27 13:49:59,636 - INFO - Iniciando servidor de tarefas
2024-11-27 13:49:59,637 - INFO - Todas as tarefas foram agendadas com sucesso
2024-11-27 13:49:59,637 - INFO - Executando análises iniciais
2024-11-27 13:49:59,637 - INFO - Servidor de tarefas iniciado. (Horário de Brasília: 2024-11-27 13:49:59.637339-03:00)
2024-11-27 13:54:13,123 - INFO - Iniciando servidor de tarefas
2024-11-27 13:54:13,124 - INFO - Todas as tarefas foram agendadas com sucesso
2024-11-27 13:54:13,124 - INFO - Executando análises iniciais
2024-11-27 13:54:13,124 - INFO - Servidor de tarefas iniciado. (Horário de Brasília: 2024-11-27 13:54:13.124345-03:00)
2024-11-27 13:54:49,807 - INFO - Iniciando servidor de tarefas
2024-11-27 13:54:49,808 - INFO - Todas as tarefas foram agendadas com sucesso
2024-11-27 13:54:49,808 - INFO - Executando análises iniciais
2024-11-27 13:54:49,808 - INFO - Servidor de tarefas iniciado. (Horário de Brasília: 2024-11-27 13:54:49.808096-03:00)
2024-11-27 14:00:00,142 - INFO - Próxima tarefa agendada para: 2024-11-27 14:54:49.808020-03:00
2024-11-27 14:00:01,159 - INFO - Próxima tarefa agendada para: 2024-11-27 14:54:49.808020-03:00
2024-11-27 14:00:02,165 - INFO - Próxima tarefa agendada para: 2024-11-27 14:54:49.808020-03:00
2024-11-27 14:00:03,172 - INFO - Próxima tarefa agendada para: 2024-11-27 14:54:49.808020-03:00
2024-11-27 14:00:04,177 - INFO - Próxima tarefa agendada para: 2024-11-27 14:54:49.808020-03:00
2024-11-27 14:00:05,183 - INFO - Próxima tarefa agendada para: 2024-11-27 14:54:49.808020-03:00
2024-11-27 14:00:06,184 - INFO - Próxima tarefa agendada para: 2024-11-27 14:54:49.808020-03:00
2024-11-27 14:00:07,192 - INFO - Próxima tarefa agendada para: 2024-11-27 14:54:49.808020-03:00
2024-11-27 14:00:08,199 - INFO - Próxima tarefa agendada para: 2024-11-27 14:54:49.808020-03:00
2024-11-27 14:00:09,204 - INFO - Próxima tarefa agendada para: 2024-11-27 14:54:49.808020-03:00
2024-11-27 14:00:10,208 - INFO - Próxima tarefa agendada para: 2024-11-27 14:54:49.808020-03:00
2024-11-27 14:00:11,210 - INFO - Próxima tarefa agendada para: 2024-11-27 14:54:49.808020-03:00
2024-11-27 14:00:12,217 - INFO - Próxima tarefa agendada para: 2024-11-27 14:54:49.808020-03:00
2024-11-27 14:00:13,223 - INFO - Próxima tarefa agendada para: 2024-11-27 14:54:49.808020-03:00
2024-11-27 14:00:14,229 - INFO - Próxima tarefa agendada para: 2024-11-27 14:54:49.808020-03:00
2024-11-27 14:00:15,233 - INFO - Próxima tarefa agendada para: 2024-11-27 14:54:49.808020-03:00
2024-11-27 14:00:16,239 - INFO - Próxima tarefa agendada para: 2024-11-27 14:54:49.808020-03:00
2024-11-27 14:00:17,245 - INFO - Próxima tarefa agendada para: 2024-11-27 14:54:49.808020-03:00
2024-11-27 14:00:18,252 - INFO - Próxima tarefa agendada para: 2024-11-27 14:54:49.808020-03:00
2024-11-27 14:00:19,258 - INFO - Próxima tarefa agendada para: 2024-11-27 14:54:49.808020-03:00
2024-11-27 14:00:20,264 - INFO - Próxima tarefa agendada para: 2024-11-27 14:54:49.808020-03:00
2024-11-27 14:00:21,269 - INFO - Próxima tarefa agendada para: 2024-11-27 14:54:49.808020-03:00
2024-11-27 14:00:22,275 - INFO - Próxima tarefa agendada para: 2024-11-27 14:54:49.808020-03:00
2024-11-27 14:00:23,280 - INFO - Próxima tarefa agendada para: 2024-11-27 14:54:49.808020-03:00
2024-11-27 14:00:24,285 - INFO - Próxima tarefa agendada para: 2024-11-27 14:54:49.808020-03:00
2024-11-27 14:00:25,288 - INFO - Próxima tarefa agendada para: 2024-11-27 14:54:49.808020-03:00
2024-11-27 14:00:26,293 - INFO - Próxima tarefa agendada para: 2024-11-27 14:54:49.808020-03:00
2024-11-27 14:00:27,299 - INFO - Próxima tarefa agendada para: 2024-11-27 14:54:49.808020-03:00
2024-11-27 14:00:28,306 - INFO - Próxima tarefa agendada para: 2024-11-27 14:54:49.808020-03:00
2024-11-27 14:00:29,308 - INFO - Próxima tarefa agendada para: 2024-11-27 14:54:49.808020-03:00
2024-11-27 14:00:30,310 - INFO - Próxima tarefa agendada para: 2024-11-27 14:54:49.808020-03:00
2024-11-27 14:00:31,315 - INFO - Próxima tarefa agendada para: 2024-11-27 14:54:49.808020-03:00
2024-11-27 14:00:32,319 - INFO - Próxima tarefa agendada para: 2024-11-27 14:54:49.808020-03:00
2024-11-27 14:00:33,324 - INFO - Próxima tarefa agendada para: 2024-11-27 14:54:49.808020-03:00
2024-11-27 14:00:34,325 - INFO - Próxima tarefa agendada para: 2024-11-27 14:54:49.808020-03:00
2024-11-27 14:00:35,331 - INFO - Próxima tarefa agendada para: 2024-11-27 14:54:49.808020-03:00
2024-11-27 14:00:36,336 - INFO - Próxima tarefa agendada para: 2024-11-27 14:54:49.808020-03:00
2024-11-27 14:00:37,342 - INFO - Próxima tarefa agendada para: 2024-11-27 14:54:49.808020-03:00
2024-11-27 14:00:38,348 - INFO - Próxima tarefa agendada para: 2024-11-27 14:54:49.808020-03:00
2024-11-27 14:00:39,355 - INFO - Próxima tarefa agendada para: 2024-11-27 14:54:49.808020-03:00
2024-11-27 14:00:40,361 - INFO - Próxima tarefa agendada para: 2024-11-27 14:54:49.808020-03:00
2024-11-27 14:00:41,364 - INFO - Próxima tarefa agendada para: 2024-11-27 14:54:49.808020-03:00
2024-11-27 14:00:42,372 - INFO - Próxima tarefa agendada para: 2024-11-27 14:54:49.808020-03:00
2024-11-27 14:00:43,378 - INFO - Próxima tarefa agendada para: 2024-11-27 14:54:49.808020-03:00
2024-11-27 14:00:44,381 - INFO - Próxima tarefa agendada para: 2024-11-27 14:54:49.808020-03:00
2024-11-27 14:00:45,385 - INFO - Próxima tarefa agendada para: 2024-11-27 14:54:49.808020-03:00
2024-11-27 14:00:46,387 - INFO - Próxima tarefa agendada para: 2024-11-27 14:54:49.808020-03:00
2024-11-27 14:00:47,393 - INFO - Próxima tarefa agendada para: 2024-11-27 14:54:49.808020-03:00
2024-11-27 14:00:48,395 - INFO - Próxima tarefa agendada para: 2024-11-27 14:54:49.808020-03:00
2024-11-27 14:00:49,401 - INFO - Próxima tarefa agendada para: 2024-11-27 14:54:49.808020-03:00
2024-11-27 14:00:50,407 - INFO - Próxima tarefa agendada para: 2024-11-27 14:54:49.808020-03:00
2024-11-27 14:00:51,414 - INFO - Próxima tarefa agendada para: 2024-11-27 14:54:49.808020-03:00
2024-11-27 14:00:52,418 - INFO - Próxima tarefa agendada para: 2024-11-27 14:54:49.808020-03:00
2024-11-27 14:00:53,425 - INFO - Próxima tarefa agendada para: 2024-11-27 14:54:49.808020-03:00
2024-11-27 14:00:54,431 - INFO - Próxima tarefa agendada para: 2024-11-27 14:54:49.808020-03:00
2024-11-27 14:00:55,435 - INFO - Próxima tarefa agendada para: 2024-11-27 14:54:49.808020-03:00
2024-11-27 14:00:56,439 - INFO - Próxima tarefa agendada para: 2024-11-27 14:54:49.808020-03:00
2024-11-27 14:00:57,441 - INFO - Próxima tarefa agendada para: 2024-11-27 14:54:49.808020-03:00
2024-11-27 14:00:58,447 - INFO - Próxima tarefa agendada para: 2024-11-27 14:54:49.808020-03:00
2024-11-27 14:00:59,454 - INFO - Próxima tarefa agendada para: 2024-11-27 14:54:49.808020-03:00
2024-11-27 14:54:50,164 - INFO - Iniciando tarefa: update_operation_data
2024-11-27 14:54:52,355 - ERROR - Erro na execução de update_operation_data: Execution failed on sql '
    SELECT 
        prediction_date,
        AVG("Risk_return") as avg_risk_return
    FROM 
        chatbot_data
    WHERE 
        actual_date IS NOT NULL
    GROUP BY 
        prediction_date
    ORDER BY 
        prediction_date
    ': column "Risk_return" does not exist
LINE 4:         AVG("Risk_return") as avg_risk_return
                    ^
HINT:  Perhaps you meant to reference the column "chatbot_data.risk_return".

2024-11-27 14:54:52,356 - INFO - Iniciando tarefa: calculate_bitcoin_returns
2024-11-27 14:54:53,884 - ERROR - Erro na execução de calculate_bitcoin_returns: 'BTC_close'
2024-11-27 14:54:53,884 - INFO - Iniciando tarefa: update_bitcoin_data
2024-11-27 14:54:58,668 - INFO - Tarefa concluída: update_bitcoin_data
2024-11-27 15:00:00,879 - INFO - Próxima tarefa agendada para: 2024-11-27 15:54:52.356075-03:00
2024-11-27 15:00:01,887 - INFO - Próxima tarefa agendada para: 2024-11-27 15:54:52.356075-03:00
2024-11-27 15:00:02,893 - INFO - Próxima tarefa agendada para: 2024-11-27 15:54:52.356075-03:00
2024-11-27 15:00:03,901 - INFO - Próxima tarefa agendada para: 2024-11-27 15:54:52.356075-03:00
2024-11-27 15:00:04,906 - INFO - Próxima tarefa agendada para: 2024-11-27 15:54:52.356075-03:00
2024-11-27 15:00:05,912 - INFO - Próxima tarefa agendada para: 2024-11-27 15:54:52.356075-03:00
2024-11-27 15:00:06,915 - INFO - Próxima tarefa agendada para: 2024-11-27 15:54:52.356075-03:00
2024-11-27 15:00:07,946 - INFO - Próxima tarefa agendada para: 2024-11-27 15:54:52.356075-03:00
2024-11-27 15:00:08,951 - INFO - Próxima tarefa agendada para: 2024-11-27 15:54:52.356075-03:00
2024-11-27 15:00:09,956 - INFO - Próxima tarefa agendada para: 2024-11-27 15:54:52.356075-03:00
2024-11-27 15:00:10,959 - INFO - Próxima tarefa agendada para: 2024-11-27 15:54:52.356075-03:00
2024-11-27 15:00:11,965 - INFO - Próxima tarefa agendada para: 2024-11-27 15:54:52.356075-03:00
2024-11-27 15:00:12,971 - INFO - Próxima tarefa agendada para: 2024-11-27 15:54:52.356075-03:00
2024-11-27 15:00:13,976 - INFO - Próxima tarefa agendada para: 2024-11-27 15:54:52.356075-03:00
2024-11-27 15:00:14,979 - INFO - Próxima tarefa agendada para: 2024-11-27 15:54:52.356075-03:00
2024-11-27 15:00:15,983 - INFO - Próxima tarefa agendada para: 2024-11-27 15:54:52.356075-03:00
2024-11-27 15:00:16,989 - INFO - Próxima tarefa agendada para: 2024-11-27 15:54:52.356075-03:00
2024-11-27 15:00:17,992 - INFO - Próxima tarefa agendada para: 2024-11-27 15:54:52.356075-03:00
2024-11-27 15:00:18,994 - INFO - Próxima tarefa agendada para: 2024-11-27 15:54:52.356075-03:00
2024-11-27 15:00:20,005 - INFO - Próxima tarefa agendada para: 2024-11-27 15:54:52.356075-03:00
2024-11-27 15:00:21,018 - INFO - Próxima tarefa agendada para: 2024-11-27 15:54:52.356075-03:00
2024-11-27 15:00:22,026 - INFO - Próxima tarefa agendada para: 2024-11-27 15:54:52.356075-03:00
2024-11-27 15:00:23,030 - INFO - Próxima tarefa agendada para: 2024-11-27 15:54:52.356075-03:00
2024-11-27 15:00:24,036 - INFO - Próxima tarefa agendada para: 2024-11-27 15:54:52.356075-03:00
2024-11-27 15:00:25,042 - INFO - Próxima tarefa agendada para: 2024-11-27 15:54:52.356075-03:00
2024-11-27 15:00:26,048 - INFO - Próxima tarefa agendada para: 2024-11-27 15:54:52.356075-03:00
2024-11-27 15:00:27,049 - INFO - Próxima tarefa agendada para: 2024-11-27 15:54:52.356075-03:00
2024-11-27 15:00:28,054 - INFO - Próxima tarefa agendada para: 2024-11-27 15:54:52.356075-03:00
2024-11-27 15:00:29,055 - INFO - Próxima tarefa agendada para: 2024-11-27 15:54:52.356075-03:00
2024-11-27 15:00:30,061 - INFO - Próxima tarefa agendada para: 2024-11-27 15:54:52.356075-03:00
2024-11-27 15:00:31,066 - INFO - Próxima tarefa agendada para: 2024-11-27 15:54:52.356075-03:00
2024-11-27 15:00:32,072 - INFO - Próxima tarefa agendada para: 2024-11-27 15:54:52.356075-03:00
2024-11-27 15:00:33,078 - INFO - Próxima tarefa agendada para: 2024-11-27 15:54:52.356075-03:00
2024-11-27 15:00:34,086 - INFO - Próxima tarefa agendada para: 2024-11-27 15:54:52.356075-03:00
2024-11-27 15:00:35,088 - INFO - Próxima tarefa agendada para: 2024-11-27 15:54:52.356075-03:00
2024-11-27 15:00:36,091 - INFO - Próxima tarefa agendada para: 2024-11-27 15:54:52.356075-03:00
2024-11-27 15:00:37,094 - INFO - Próxima tarefa agendada para: 2024-11-27 15:54:52.356075-03:00
2024-11-27 15:00:38,238 - INFO - Próxima tarefa agendada para: 2024-11-27 15:54:52.356075-03:00
2024-11-27 15:00:39,343 - INFO - Próxima tarefa agendada para: 2024-11-27 15:54:52.356075-03:00
2024-11-27 15:00:40,347 - INFO - Próxima tarefa agendada para: 2024-11-27 15:54:52.356075-03:00
2024-11-27 15:00:41,352 - INFO - Próxima tarefa agendada para: 2024-11-27 15:54:52.356075-03:00
2024-11-27 15:00:42,355 - INFO - Próxima tarefa agendada para: 2024-11-27 15:54:52.356075-03:00
2024-11-27 15:00:43,361 - INFO - Próxima tarefa agendada para: 2024-11-27 15:54:52.356075-03:00
2024-11-27 15:00:44,363 - INFO - Próxima tarefa agendada para: 2024-11-27 15:54:52.356075-03:00
2024-11-27 15:00:45,367 - INFO - Próxima tarefa agendada para: 2024-11-27 15:54:52.356075-03:00
2024-11-27 15:00:46,372 - INFO - Próxima tarefa agendada para: 2024-11-27 15:54:52.356075-03:00
2024-11-27 15:00:47,377 - INFO - Próxima tarefa agendada para: 2024-11-27 15:54:52.356075-03:00
2024-11-27 15:00:48,379 - INFO - Próxima tarefa agendada para: 2024-11-27 15:54:52.356075-03:00
2024-11-27 15:00:49,384 - INFO - Próxima tarefa agendada para: 2024-11-27 15:54:52.356075-03:00
2024-11-27 15:00:50,389 - INFO - Próxima tarefa agendada para: 2024-11-27 15:54:52.356075-03:00
2024-11-27 15:00:51,393 - INFO - Próxima tarefa agendada para: 2024-11-27 15:54:52.356075-03:00
2024-11-27 15:00:52,395 - INFO - Próxima tarefa agendada para: 2024-11-27 15:54:52.356075-03:00
2024-11-27 15:00:53,399 - INFO - Próxima tarefa agendada para: 2024-11-27 15:54:52.356075-03:00
2024-11-27 15:00:54,401 - INFO - Próxima tarefa agendada para: 2024-11-27 15:54:52.356075-03:00
2024-11-27 15:00:55,401 - INFO - Próxima tarefa agendada para: 2024-11-27 15:54:52.356075-03:00
2024-11-27 15:00:56,403 - INFO - Próxima tarefa agendada para: 2024-11-27 15:54:52.356075-03:00
2024-11-27 15:00:57,409 - INFO - Próxima tarefa agendada para: 2024-11-27 15:54:52.356075-03:00
2024-11-27 15:00:58,411 - INFO - Próxima tarefa agendada para: 2024-11-27 15:54:52.356075-03:00
2024-11-27 15:00:59,414 - INFO - Próxima tarefa agendada para: 2024-11-27 15:54:52.356075-03:00
2024-11-27 16:03:47,204 - INFO - Iniciando tarefa: update_operation_data
2024-11-27 16:03:49,368 - ERROR - Erro na execução de update_operation_data: Execution failed on sql '
    SELECT 
        prediction_date,
        AVG("Risk_return") as avg_risk_return
    FROM 
        chatbot_data
    WHERE 
        actual_date IS NOT NULL
    GROUP BY 
        prediction_date
    ORDER BY 
        prediction_date
    ': column "Risk_return" does not exist
LINE 4:         AVG("Risk_return") as avg_risk_return
                    ^
HINT:  Perhaps you meant to reference the column "chatbot_data.risk_return".

2024-11-27 16:03:49,369 - INFO - Iniciando tarefa: calculate_bitcoin_returns
2024-11-27 16:03:50,891 - ERROR - Erro na execução de calculate_bitcoin_returns: 'BTC_close'
2024-11-27 16:03:50,892 - INFO - Iniciando tarefa: update_bitcoin_data
2024-11-27 16:37:08,510 - ERROR - Erro na execução de update_bitcoin_data: unsupported format string passed to NoneType.__format__
2024-11-27 16:37:08,511 - INFO - Iniciando tarefa: run_4h_bot
